<?xml version="1.0" encoding="UTF-8"?>
<!-- Generated by org.testng.reporters.JUnitReportReporter -->
<testsuite hostname="DESKTOP-71ML6DJ" failures="0" tests="1" name="com.Authentication.OAuth2" time="3.207" errors="0" timestamp="2022-02-11T16:43:35 IST" skipped="0">
  <testcase classname="com.Authentication.OAuth2" name="auths" time="3.207"/>
  <system-out/>
</testsuite> <!-- com.Authentication.OAuth2 -->
