<?xml version="1.0" encoding="UTF-8"?>
<!-- Generated by org.testng.reporters.JUnitReportReporter -->
<testsuite hostname="DESKTOP-71ML6DJ" failures="0" tests="1" name="com.Authentication.BearerTokenTest" time="2.725" errors="0" timestamp="2022-02-11T16:05:21 IST" skipped="0">
  <testcase classname="com.Authentication.BearerTokenTest" name="bearerAuth" time="2.725"/>
  <system-out/>
</testsuite> <!-- com.Authentication.BearerTokenTest -->
