<?xml version="1.0" encoding="UTF-8"?>
<!-- Generated by org.testng.reporters.JUnitReportReporter -->
<testsuite hostname="DESKTOP-71ML6DJ" failures="0" tests="1" name="practiceCRUDWithBDD.GetAllProject" time="1.556" errors="0" timestamp="2022-02-11T10:11:10 IST" skipped="0">
  <testcase classname="practiceCRUDWithBDD.GetAllProject" name="getAllProject" time="1.556"/>
  <system-out/>
</testsuite> <!-- practiceCRUDWithBDD.GetAllProject -->
