<?xml version="1.0" encoding="UTF-8"?>
<!-- Generated by org.testng.reporters.JUnitReportReporter -->
<testsuite hostname="DESKTOP-71ML6DJ" failures="0" tests="1" name="practiceCRUDWithoutBDD.CreateProject" time="2.028" errors="0" timestamp="2022-02-10T01:03:36 IST" skipped="0">
  <testcase classname="practiceCRUDWithoutBDD.CreateProject" name="createProject" time="2.028"/>
  <system-out/>
</testsuite> <!-- practiceCRUDWithoutBDD.CreateProject -->
