<?xml version="1.0" encoding="UTF-8"?>
<!-- Generated by org.testng.reporters.JUnitReportReporter -->
<testsuite hostname="DESKTOP-71ML6DJ" failures="0" tests="1" name="com.Authentication.BasicAuthTest" time="1.648" errors="0" timestamp="2022-02-11T15:58:34 IST" skipped="0">
  <testcase classname="com.Authentication.BasicAuthTest" name="basicAuth" time="1.648"/>
  <system-out/>
</testsuite> <!-- com.Authentication.BasicAuthTest -->
