<?xml version="1.0" encoding="UTF-8"?>
<!-- Generated by org.testng.reporters.JUnitReportReporter -->
<testsuite hostname="DESKTOP-71ML6DJ" failures="0" tests="1" name="Assignment.Create_and_Delete_User_E2E_Test" time="2.389" errors="0" timestamp="2022-02-12T13:59:48 IST" skipped="0">
  <testcase classname="Assignment.Create_and_Delete_User_E2E_Test" name="create" time="2.389"/>
  <system-out/>
</testsuite> <!-- Assignment.Create_and_Delete_User_E2E_Test -->
