<?xml version="1.0" encoding="UTF-8"?>
<!-- Generated by org.testng.reporters.JUnitReportReporter -->
<testsuite hostname="DESKTOP-71ML6DJ" failures="0" tests="1" name="com.RequestChaining.RequestChainingTest" time="2.037" errors="0" timestamp="2022-02-11T13:07:57 IST" skipped="0">
  <testcase classname="com.RequestChaining.RequestChainingTest" name="chaining" time="2.037"/>
  <system-out/>
</testsuite> <!-- com.RequestChaining.RequestChainingTest -->
