<?xml version="1.0" encoding="UTF-8"?>
<!-- Generated by org.testng.reporters.JUnitReportReporter -->
<testsuite hostname="DESKTOP-71ML6DJ" failures="0" tests="1" name="responseValidation.StaticResponseValidation" time="2.085" errors="0" timestamp="2022-02-11T14:30:01 IST" skipped="0">
  <testcase classname="responseValidation.StaticResponseValidation" name="verify" time="2.085"/>
  <system-out/>
</testsuite> <!-- responseValidation.StaticResponseValidation -->
