<?xml version="1.0" encoding="UTF-8"?>
<!-- Generated by org.testng.reporters.JUnitReportReporter -->
<testsuite hostname="DESKTOP-71ML6DJ" failures="0" tests="1" name="Assignment.GetAllProjects" time="1.556" errors="0" timestamp="2022-02-11T16:59:52 IST" skipped="0">
  <testcase classname="Assignment.GetAllProjects" name="getProject" time="1.556"/>
  <system-out/>
</testsuite> <!-- Assignment.GetAllProjects -->
