<?xml version="1.0" encoding="UTF-8"?>
<!-- Generated by org.testng.reporters.JUnitReportReporter -->
<testsuite hostname="DESKTOP-71ML6DJ" failures="0" tests="2" name="com.Authentication.PreemptiveAuthAndDigestiveAuthTest" time="1.831" errors="0" timestamp="2022-02-11T16:22:16 IST" skipped="0">
  <testcase classname="com.Authentication.PreemptiveAuthAndDigestiveAuthTest" name="preemtiveAuth" time="0.119"/>
  <system-out/>
  <testcase classname="com.Authentication.PreemptiveAuthAndDigestiveAuthTest" name="digestiveAuth" time="1.712"/>
  <system-out/>
</testsuite> <!-- com.Authentication.PreemptiveAuthAndDigestiveAuthTest -->
