<?xml version="1.0" encoding="UTF-8"?>
<!-- Generated by org.testng.reporters.JUnitReportReporter -->
<testsuite hostname="DESKTOP-71ML6DJ" failures="0" tests="1" name="waysToPostRequest.CreateProjectUsingHashMapTest" time="1.997" errors="0" timestamp="2022-02-11T10:26:41 IST" skipped="0">
  <testcase classname="waysToPostRequest.CreateProjectUsingHashMapTest" name="createProjectUsingHashMapTest" time="1.997"/>
  <system-out/>
</testsuite> <!-- waysToPostRequest.CreateProjectUsingHashMapTest -->
