<?xml version="1.0" encoding="UTF-8"?>
<!-- Generated by org.testng.reporters.JUnitReportReporter -->
<testsuite hostname="DESKTOP-71ML6DJ" failures="0" tests="1" name="waysToPostRequest.CreateProjectUsingJsonObjectTest" time="1.687" errors="0" timestamp="2022-02-11T10:42:16 IST" skipped="0">
  <testcase classname="waysToPostRequest.CreateProjectUsingJsonObjectTest" name="createProjectUsingJsonObjectTest" time="1.687"/>
  <system-out/>
</testsuite> <!-- waysToPostRequest.CreateProjectUsingJsonObjectTest -->
