<?xml version="1.0" encoding="UTF-8"?>
<!-- Generated by org.testng.reporters.JUnitReportReporter -->
<testsuite hostname="DESKTOP-71ML6DJ" failures="0" tests="1" name="com.RMGYantraTests.CreateResourseAndVerifyDatabase" time="1.911" errors="0" timestamp="2022-02-13T12:42:53 IST" skipped="0">
  <testcase classname="com.RMGYantraTests.CreateResourseAndVerifyDatabase" name="createResourceAndVerifyInDB" time="1.911"/>
  <system-out>
    <![CDATA[TY_PROJ_1013 data in database
Data verification successful]]>
  </system-out>
</testsuite> <!-- com.RMGYantraTests.CreateResourseAndVerifyDatabase -->
