<?xml version="1.0" encoding="UTF-8"?>
<!-- Generated by org.testng.reporters.JUnitReportReporter -->
<testsuite hostname="DESKTOP-71ML6DJ" failures="0" tests="1" name="com.parameters.QueryParameterTest" time="2.909" errors="0" timestamp="2022-02-11T12:35:40 IST" skipped="0">
  <testcase classname="com.parameters.QueryParameterTest" name="param" time="2.909"/>
  <system-out/>
</testsuite> <!-- com.parameters.QueryParameterTest -->
