<?xml version="1.0" encoding="UTF-8"?>
<!-- Generated by org.testng.reporters.JUnitReportReporter -->
<testsuite hostname="DESKTOP-71ML6DJ" failures="0" tests="1" name="practiceCRUDWithBDD.DeleteProject" time="1.589" errors="0" timestamp="2022-02-11T10:07:44 IST" skipped="0">
  <testcase classname="practiceCRUDWithBDD.DeleteProject" name="deleteProject" time="1.589"/>
  <system-out/>
</testsuite> <!-- practiceCRUDWithBDD.DeleteProject -->
