<?xml version="1.0" encoding="UTF-8"?>
<!-- Generated by org.testng.reporters.JUnitReportReporter -->
<testsuite hostname="DESKTOP-71ML6DJ" failures="0" tests="1" name="waysToPostRequest.CreateProjectUsingPojoTest" time="1.987" errors="0" timestamp="2022-02-11T12:00:02 IST" skipped="0">
  <testcase classname="waysToPostRequest.CreateProjectUsingPojoTest" name="create" time="1.987"/>
  <system-out/>
</testsuite> <!-- waysToPostRequest.CreateProjectUsingPojoTest -->
