<?xml version="1.0" encoding="UTF-8"?>
<!-- Generated by org.testng.reporters.JUnitReportReporter -->
<testsuite hostname="DESKTOP-71ML6DJ" failures="0" tests="1" name="practiceCRUDWithBDD.UpdateProject" time="1.849" errors="0" timestamp="2022-02-11T10:15:11 IST" skipped="0">
  <testcase classname="practiceCRUDWithBDD.UpdateProject" name="updateProject" time="1.849"/>
  <system-out/>
</testsuite> <!-- practiceCRUDWithBDD.UpdateProject -->
