<?xml version="1.0" encoding="UTF-8"?>
<!-- Generated by org.testng.reporters.JUnitReportReporter -->
<testsuite hostname="DESKTOP-71ML6DJ" failures="0" tests="1" name="responseValidation.VerifyResponseTimeUsingHamcrestTest" time="1.522" errors="0" timestamp="2022-02-11T14:40:11 IST" skipped="0">
  <testcase classname="responseValidation.VerifyResponseTimeUsingHamcrestTest" name="verify" time="1.522"/>
  <system-out/>
</testsuite> <!-- responseValidation.VerifyResponseTimeUsingHamcrestTest -->
