<?xml version="1.0" encoding="UTF-8"?>
<!-- Generated by org.testng.reporters.JUnitReportReporter -->
<testsuite hostname="DESKTOP-71ML6DJ" failures="0" tests="1" name="waysToPostRequest.CreateProjectUsingJsonFileTest" time="1.496" errors="0" timestamp="2022-02-11T10:37:15 IST" skipped="0">
  <testcase classname="waysToPostRequest.CreateProjectUsingJsonFileTest" name="createProjectUsingJsonFileTest" time="1.496"/>
  <system-out/>
</testsuite> <!-- waysToPostRequest.CreateProjectUsingJsonFileTest -->
