<?xml version="1.0" encoding="UTF-8"?>
<!-- Generated by org.testng.reporters.JUnitReportReporter -->
<testsuite hostname="DESKTOP-71ML6DJ" failures="0" tests="1" name="com.parameters.ParametersTest" time="2.645" errors="0" timestamp="2022-02-11T12:51:33 IST" skipped="0">
  <testcase classname="com.parameters.ParametersTest" name="params" time="2.645"/>
  <system-out/>
</testsuite> <!-- com.parameters.ParametersTest -->
