<?xml version="1.0" encoding="UTF-8"?>
<!-- Generated by org.testng.reporters.JUnitReportReporter -->
<testsuite hostname="DESKTOP-71ML6DJ" failures="0" tests="1" name="Assignment.Create_Project_and_Allocate_User" time="2.339" errors="0" timestamp="2022-02-11T17:49:32 IST" skipped="0">
  <testcase classname="Assignment.Create_Project_and_Allocate_User" name="createAndAllocate" time="2.339"/>
  <system-out/>
</testsuite> <!-- Assignment.Create_Project_and_Allocate_User -->
