<?xml version="1.0" encoding="UTF-8"?>
<!-- Generated by org.testng.reporters.JUnitReportReporter -->
<testsuite hostname="DESKTOP-71ML6DJ" failures="0" tests="1" name="Assignment.AddSingleProjectWithCreatedStatus" time="1.763" errors="0" timestamp="2022-02-11T15:00:37 IST" skipped="0">
  <testcase classname="Assignment.AddSingleProjectWithCreatedStatus" name="create" time="1.763"/>
  <system-out/>
</testsuite> <!-- Assignment.AddSingleProjectWithCreatedStatus -->
