<?xml version="1.0" encoding="UTF-8"?>
<!-- Generated by org.testng.reporters.JUnitReportReporter -->
<testsuite hostname="DESKTOP-71ML6DJ" failures="0" tests="1" name="com.parameters.PathParameterTest" time="1.528" errors="0" timestamp="2022-02-11T12:27:17 IST" skipped="0">
  <testcase classname="com.parameters.PathParameterTest" name="param" time="1.528"/>
  <system-out/>
</testsuite> <!-- com.parameters.PathParameterTest -->
