<?xml version="1.0" encoding="UTF-8"?>
<!-- Generated by org.testng.reporters.JUnitReportReporter -->
<testsuite hostname="DESKTOP-71ML6DJ" failures="0" tests="1" name="Assignment.AddProjectWithOnGoingStatusTest" time="1.747" errors="0" timestamp="2022-02-11T18:21:32 IST" skipped="0">
  <testcase classname="Assignment.AddProjectWithOnGoingStatusTest" name="create" time="1.747"/>
  <system-out/>
</testsuite> <!-- Assignment.AddProjectWithOnGoingStatusTest -->
