<?xml version="1.0" encoding="UTF-8"?>
<!-- Generated by org.testng.reporters.JUnitReportReporter -->
<testsuite hostname="DESKTOP-71ML6DJ" failures="0" tests="1" name="com.RMGYantraTests.UpdateResourceAndVerifyInDatabase" time="1.738" errors="0" timestamp="2022-02-13T12:54:15 IST" skipped="0">
  <testcase classname="com.RMGYantraTests.UpdateResourceAndVerifyInDatabase" name="updateResourceAndVerifyInDB" time="1.738"/>
  <system-out>
    <![CDATA[Completed]]>
  </system-out>
</testsuite> <!-- com.RMGYantraTests.UpdateResourceAndVerifyInDatabase -->
