<?xml version="1.0" encoding="UTF-8"?>
<!-- Generated by org.testng.reporters.JUnitReportReporter -->
<testsuite hostname="DESKTOP-71ML6DJ" failures="0" tests="1" name="Assignment.ModifyProjectName" time="1.787" errors="0" timestamp="2022-02-11T17:20:21 IST" skipped="0">
  <testcase classname="Assignment.ModifyProjectName" name="updateProject" time="1.787"/>
  <system-out/>
</testsuite> <!-- Assignment.ModifyProjectName -->
