<?xml version="1.0" encoding="UTF-8"?>
<!-- Generated by org.testng.reporters.JUnitReportReporter -->
<testsuite hostname="DESKTOP-71ML6DJ" failures="0" tests="1" name="com.RequestChaining.RequestChainingPostAndDeleteTest" time="2.245" errors="0" timestamp="2022-02-11T15:05:08 IST" skipped="0">
  <testcase classname="com.RequestChaining.RequestChainingPostAndDeleteTest" name="chaining" time="2.245"/>
  <system-out/>
</testsuite> <!-- com.RequestChaining.RequestChainingPostAndDeleteTest -->
