<?xml version="1.0" encoding="UTF-8"?>
<!-- Generated by org.testng.reporters.JUnitReportReporter -->
<testsuite hostname="DESKTOP-71ML6DJ" failures="0" tests="1" name="Assignment.CreateUserTestWithInvalidMobileNumberTest" time="2.293" errors="0" timestamp="2022-02-12T13:40:12 IST" skipped="0">
  <testcase classname="Assignment.CreateUserTestWithInvalidMobileNumberTest" name="create" time="2.293"/>
  <system-out/>
</testsuite> <!-- Assignment.CreateUserTestWithInvalidMobileNumberTest -->
