<?xml version="1.0" encoding="UTF-8"?>
<!-- Generated by org.testng.reporters.JUnitReportReporter -->
<testsuite hostname="DESKTOP-71ML6DJ" failures="0" tests="1" name="responseValidation.DynamicResponseValidationTest" time="2.042" errors="0" timestamp="2022-02-11T14:23:34 IST" skipped="0">
  <testcase classname="responseValidation.DynamicResponseValidationTest" name="verify" time="2.042"/>
  <system-out/>
</testsuite> <!-- responseValidation.DynamicResponseValidationTest -->
