<?xml version="1.0" encoding="UTF-8"?>
<!-- Generated by org.testng.reporters.JUnitReportReporter -->
<testsuite hostname="DESKTOP-71ML6DJ" failures="0" tests="2" name="responseValidation.CreateMultipleDataTest" time="1.785" errors="0" timestamp="2022-02-11T13:55:52 IST" skipped="0">
  <testcase classname="responseValidation.CreateMultipleDataTest" name="create" time="1.751"/>
  <system-out/>
  <testcase classname="responseValidation.CreateMultipleDataTest" name="create" time="0.034"/>
  <system-out/>
</testsuite> <!-- responseValidation.CreateMultipleDataTest -->
