<?xml version="1.0" encoding="UTF-8"?>
<!-- Generated by org.testng.reporters.JUnitReportReporter -->
<testsuite hostname="DESKTOP-71ML6DJ" failures="0" tests="1" name="practiceCRUDWithBDD.CreateProject" time="2.228" errors="0" timestamp="2022-02-11T10:03:37 IST" skipped="0">
  <testcase classname="practiceCRUDWithBDD.CreateProject" name="create" time="2.228"/>
  <system-out/>
</testsuite> <!-- practiceCRUDWithBDD.CreateProject -->
